<?xml version="1.0" encoding="UTF-8"?>
<testng-results ignored="0" total="1" passed="1" failed="0" skipped="0">
  <reporter-output>
  </reporter-output>
  <suite started-at="2023-10-05T11:14:26 IST" name="Default suite" finished-at="2023-10-05T11:14:56 IST" duration-ms="29711">
    <groups>
    </groups>
    <test started-at="2023-10-05T11:14:26 IST" name="Default test" finished-at="2023-10-05T11:14:56 IST" duration-ms="29711">
      <class name="emualtor_launch.Launch">
        <test-method is-config="true" signature="startServer()[pri:0, instance:emualtor_launch.Launch@1a75e76a]" started-at="2023-10-05T11:14:25 IST" name="startServer" finished-at="2023-10-05T11:14:26 IST" duration-ms="1677" status="PASS">
          <reporter-output>
          </reporter-output>
        </test-method> <!-- startServer -->
        <test-method signature="start()[pri:0, instance:emualtor_launch.Launch@1a75e76a]" started-at="2023-10-05T11:14:27 IST" name="start" finished-at="2023-10-05T11:14:56 IST" duration-ms="29665" status="PASS">
          <reporter-output>
          </reporter-output>
        </test-method> <!-- start -->
        <test-method is-config="true" signature="endServer()[pri:0, instance:emualtor_launch.Launch@1a75e76a]" started-at="2023-10-05T11:14:56 IST" name="endServer" finished-at="2023-10-05T11:14:56 IST" duration-ms="1" status="PASS">
          <reporter-output>
          </reporter-output>
        </test-method> <!-- endServer -->
      </class> <!-- emualtor_launch.Launch -->
    </test> <!-- Default test -->
  </suite> <!-- Default suite -->
</testng-results>
